<?xml version="1.0" encoding="UTF-8"?>
<!-- Generated by org.testng.reporters.JUnitReportReporter -->
<testsuite hostname="DESKTOP-BK4B6US" failures="0" tests="1" name="Test.TestNGDemo" time="6.130" errors="0" timestamp="2022-03-31T14:15:01 MST" skipped="0">
  <testcase classname="Test.TestNGDemo" name="googleSearchTest" time="6.130"/>
  <system-out/>
</testsuite> <!-- Test.TestNGDemo -->
