<?xml version="1.0" encoding="UTF-8"?>
<!-- Generated by org.testng.reporters.JUnitReportReporter -->
<testsuite hostname="DESKTOP-BK4B6US" failures="0" tests="1" name="Test.OrangeHRMKatlon" time="4.934" errors="0" timestamp="2022-04-27T14:45:54 MST" skipped="0">
  <testcase classname="Test.OrangeHRMKatlon" name="testUntitledTestCase" time="4.934"/>
  <system-out/>
</testsuite> <!-- Test.OrangeHRMKatlon -->
