<?xml version="1.0" encoding="UTF-8"?>
<!-- Generated by org.testng.reporters.JUnitReportReporter -->
<testsuite hostname="DESKTOP-BK4B6US" failures="0" tests="3" name="Test.GroupingDemo" time="0.008" errors="0" timestamp="2022-04-20T14:27:52 MST" skipped="0">
  <testcase classname="Test.GroupingDemo" name="test2" time="0.001"/>
  <system-out/>
  <testcase classname="Test.GroupingDemo" name="test1" time="0.005"/>
  <system-out/>
  <testcase classname="Test.GroupingDemo" name="test3" time="0.002"/>
  <system-out/>
</testsuite> <!-- Test.GroupingDemo -->
