<?xml version="1.0" encoding="UTF-8"?>
<!-- Generated by org.testng.reporters.JUnitReportReporter -->
<testsuite hostname="DESKTOP-BK4B6US" failures="0" tests="1" name="Test.REinGrouping" time="0.008" errors="0" timestamp="2022-04-19T20:17:34 MST" skipped="0">
  <testcase classname="Test.REinGrouping" name="test2" time="0.008"/>
  <system-out/>
</testsuite> <!-- Test.REinGrouping -->
