<?xml version="1.0" encoding="UTF-8"?>
<!-- Generated by org.testng.reporters.JUnitReportReporter -->
<testsuite hostname="DESKTOP-BK4B6US" failures="0" tests="1" name="Test.TestNGExtentReports" time="5.990" errors="0" timestamp="2022-03-31T14:15:01 MST" skipped="0">
  <testcase classname="Test.TestNGExtentReports" name="googleSearch" time="5.990"/>
  <system-out/>
</testsuite> <!-- Test.TestNGExtentReports -->
