<?xml version="1.0" encoding="UTF-8"?>
<!-- Generated by org.testng.reporters.JUnitReportReporter -->
<testsuite hostname="DESKTOP-BK4B6US" failures="0" tests="4" name="Test.TestNGdependency" time="0.015" errors="0" timestamp="2022-04-22T14:55:11 MST" skipped="0">
  <testcase classname="Test.TestNGdependency" name="test1" time="0.001"/>
  <system-out/>
  <testcase classname="Test.TestNGdependency" name="test4" time="0.002"/>
  <system-out/>
  <testcase classname="Test.TestNGdependency" name="test2" time="0.001"/>
  <system-out/>
  <testcase classname="Test.TestNGdependency" name="test3" time="0.011"/>
  <system-out/>
</testsuite> <!-- Test.TestNGdependency -->
