<?xml version="1.0" encoding="UTF-8"?>
<!-- Generated by org.testng.reporters.JUnitReportReporter -->
<testsuite hostname="DESKTOP-BK4B6US" failures="0" tests="3" name="Utils.TestNGExcelDataProvider" time="12.378" errors="0" timestamp="2022-04-14T16:44:13 MST" skipped="0">
  <testcase classname="Utils.TestNGExcelDataProvider" name="test1" time="4.348"/>
  <system-out/>
  <testcase classname="Utils.TestNGExcelDataProvider" name="test1" time="3.446"/>
  <system-out/>
  <testcase classname="Utils.TestNGExcelDataProvider" name="test1" time="4.584"/>
  <system-out/>
</testsuite> <!-- Utils.TestNGExcelDataProvider -->
