<?xml version="1.0" encoding="UTF-8"?>
<!-- Generated by org.testng.reporters.JUnitReportReporter -->
<testsuite hostname="DESKTOP-BK4B6US" failures="0" tests="3" name="Utils.DataProviderSample" time="0.008" errors="0" timestamp="2022-04-07T18:31:17 MST" skipped="0">
  <testcase classname="Utils.DataProviderSample" name="test" time="0.001"/>
  <system-out/>
  <testcase classname="Utils.DataProviderSample" name="test" time="0.001"/>
  <system-out/>
  <testcase classname="Utils.DataProviderSample" name="test" time="0.006"/>
  <system-out/>
</testsuite> <!-- Utils.DataProviderSample -->
