<?xml version="1.0" encoding="UTF-8"?>
<!-- Generated by org.testng.reporters.JUnitReportReporter -->
<testsuite hostname="DESKTOP-BK4B6US" failures="0" tests="3" name="Utils.SampledataProvider" time="0.008" errors="0" timestamp="2022-04-13T15:42:03 MST" skipped="0">
  <testcase classname="Utils.SampledataProvider" name="test" time="0.006"/>
  <system-out/>
  <testcase classname="Utils.SampledataProvider" name="test" time="0.001"/>
  <system-out/>
  <testcase classname="Utils.SampledataProvider" name="test" time="0.001"/>
  <system-out/>
</testsuite> <!-- Utils.SampledataProvider -->
